<?xml version="1.0" encoding="UTF-8"?>
<!-- Generated by org.testng.reporters.JUnitXMLReporter -->
<testsuite ignored="0" hostname="DESKTOP-BKVHFCN" failures="2" tests="2" name="Default test" time="18.118" errors="0" timestamp="2022-01-20T10:45:25 IST">
  <testcase classname="io.cucumber.testng.AbstractTestNGCucumberTests" name="runScenario" time="17.621">
    <failure type="java.lang.NullPointerException" message="Cannot invoke &amp;quot;org.openqa.selenium.WebElement.sendKeys(java.lang.CharSequence[])&amp;quot; because the return value of &amp;quot;managers.WebDriverManager.getElement(String)&amp;quot; is null">
      <![CDATA[java.lang.NullPointerException: Cannot invoke "org.openqa.selenium.WebElement.sendKeys(java.lang.CharSequence[])" because the return value of "managers.WebDriverManager.getElement(String)" is null
at managers.WebDriverManager.enter(WebDriverManager.java:121)
at pages.LoginPage.doDefaultLogin(LoginPage.java:23)
at rediff.steps.Session.login(Session.java:27)
at ✽.I login inside application(file:///C:/Users/Abhishek%20Puri/nov2021/CucumberProject/src/test/resources/stocks/stockmanagement.feature:6)
]]>
    </failure>
  </testcase> <!-- runScenario -->
  <testcase classname="io.cucumber.testng.AbstractTestNGCucumberTests" name="runScenario" time="17.631">
    <failure type="java.lang.NullPointerException" message="Cannot invoke &amp;quot;org.openqa.selenium.WebElement.getTagName()&amp;quot; because &amp;quot;element&amp;quot; is null">
      <![CDATA[java.lang.NullPointerException: Cannot invoke "org.openqa.selenium.WebElement.getTagName()" because "element" is null
at org.openqa.selenium.support.ui.Select.<init>(Select.java:46)
at managers.WebDriverManager.select(WebDriverManager.java:116)
at pages.LandingPage.selectPortFolio(LandingPage.java:14)
at rediff.steps.Portfolio.selectPortFolio(Portfolio.java:24)
at ✽.I select portfolio 'My Portfolio1'(file:///C:/Users/Abhishek%20Puri/nov2021/CucumberProject/src/test/resources/stocks/stockmanagement.feature:7)
]]>
    </failure>
  </testcase> <!-- runScenario -->
</testsuite> <!-- Default test -->
