<?xml version="1.0" encoding="UTF-8"?>
<!-- Generated by org.testng.reporters.JUnitReportReporter -->
<testsuite hostname="DESKTOP-BKVHFCN" failures="0" tests="2" name="runner.MyRunner" time="33.449" errors="1" timestamp="2022-01-20T10:45:43 IST" skipped="0">
  <testcase classname="runner.MyRunner" name="runScenario" time="11.403"/>
  <system-out/>
  <testcase classname="runner.MyRunner" name="runScenario" time="22.046">
    <error message="Cannot invoke &quot;org.openqa.selenium.WebElement.sendKeys(java.lang.CharSequence[])&quot; because the return value of &quot;managers.WebDriverManager.getElement(String)&quot; is null" type="java.lang.NullPointerException">
      <![CDATA[java.lang.NullPointerException: Cannot invoke "org.openqa.selenium.WebElement.sendKeys(java.lang.CharSequence[])" because the return value of "managers.WebDriverManager.getElement(String)" is null
at managers.WebDriverManager.type(WebDriverManager.java:109)
at pages.ManageStocksPage.enterStockDetails(ManageStocksPage.java:18)
at rediff.steps.Stocks.enterStockDetails(Stocks.java:33)
at ✽.I fill stock details(file:///C:/Users/Abhishek%20Puri/nov2021/CucumberProject/src/test/resources/stocks/stockmanagement.feature:13)
]]>
    </error>
  </testcase> <!-- runScenario -->
  <system-out/>
</testsuite> <!-- runner.MyRunner -->
