<?xml version="1.0" encoding="UTF-8"?>
<!-- Generated by org.testng.reporters.JUnitXMLReporter -->
<testsuite hostname="DESKTOP-BKVHFCN" ignored="0" name="Cucumber Runner" tests="2" failures="2" timestamp="2022-01-20T11:00:05 IST" time="20.091" errors="0">
  <testcase name="runScenario" time="16.824" classname="io.cucumber.testng.AbstractTestNGCucumberTests">
    <failure type="java.lang.NullPointerException">
      <![CDATA[java.lang.NullPointerException
at org.openqa.selenium.support.ui.Select.<init>(Select.java:46)
at managers.WebDriverManager.select(WebDriverManager.java:116)
at pages.LandingPage.selectPortFolio(LandingPage.java:14)
at rediff.steps.Portfolio.selectPortFolio(Portfolio.java:24)
at ✽.I select portfolio 'My Portfolio1'(file:///C:/Users/Abhishek%20Puri/nov2021/CucumberProject/src/test/resources/stocks/stockmanagement.feature:7)
]]>
    </failure>
  </testcase> <!-- runScenario -->
  <testcase name="runScenario" time="19.534" classname="io.cucumber.testng.AbstractTestNGCucumberTests">
    <failure type="java.lang.NullPointerException">
      <![CDATA[java.lang.NullPointerException
at org.openqa.selenium.support.ui.Select.<init>(Select.java:46)
at managers.WebDriverManager.select(WebDriverManager.java:116)
at pages.LandingPage.selectPortFolio(LandingPage.java:14)
at rediff.steps.Portfolio.selectPortFolio(Portfolio.java:24)
at ✽.I select portfolio 'My Portfolio1'(file:///C:/Users/Abhishek%20Puri/nov2021/CucumberProject/src/test/resources/stocks/stockmanagement.feature:7)
]]>
    </failure>
  </testcase> <!-- runScenario -->
</testsuite> <!-- Cucumber Runner -->
