<?xml version="1.0" encoding="UTF-8"?>
<!-- Generated by org.testng.reporters.JUnitXMLReporter -->
<testsuite ignored="0" hostname="DESKTOP-BKVHFCN" failures="1" tests="2" name="Cucumber Runner" time="22.597" errors="0" timestamp="2022-01-20T10:45:43 IST">
  <testcase classname="io.cucumber.testng.AbstractTestNGCucumberTests" name="runScenario" time="11.403"/>
  <testcase classname="io.cucumber.testng.AbstractTestNGCucumberTests" name="runScenario" time="22.046">
    <failure type="java.lang.NullPointerException" message="Cannot invoke &amp;quot;org.openqa.selenium.WebElement.sendKeys(java.lang.CharSequence[])&amp;quot; because the return value of &amp;quot;managers.WebDriverManager.getElement(String)&amp;quot; is null">
      <![CDATA[java.lang.NullPointerException: Cannot invoke "org.openqa.selenium.WebElement.sendKeys(java.lang.CharSequence[])" because the return value of "managers.WebDriverManager.getElement(String)" is null
at managers.WebDriverManager.type(WebDriverManager.java:109)
at pages.ManageStocksPage.enterStockDetails(ManageStocksPage.java:18)
at rediff.steps.Stocks.enterStockDetails(Stocks.java:33)
at ✽.I fill stock details(file:///C:/Users/Abhishek%20Puri/nov2021/CucumberProject/src/test/resources/stocks/stockmanagement.feature:13)
]]>
    </failure>
  </testcase> <!-- runScenario -->
</testsuite> <!-- Cucumber Runner -->
